#
# There is insufficient memory for the Java Runtime Environment to continue.
# Native memory allocation (mmap) failed to map 67108864 bytes for Failed to commit area from 0x00000000fc000000 to 0x0000000100000000 of length 67108864.
# Possible reasons:
#   The system is out of physical RAM or swap space
#   The process is running with CompressedOops enabled, and the Java Heap may be blocking the growth of the native heap
# Possible solutions:
#   Reduce memory load on the system
#   Increase physical memory or swap space
#   Check if swap backing store is full
#   Decrease Java heap size (-Xmx/-Xms)
#   Decrease number of Java threads
#   Decrease Java thread stack sizes (-Xss)
#   Set larger code cache with -XX:ReservedCodeCacheSize=
# This output file may be truncated or incomplete.
#
#  Out of Memory Error (t:/workspace/open/src/hotspot/os/windows/os_windows.cpp:3274), pid=18788, tid=23996
#
# JRE version:  (11.0.5+10) (build )
# Java VM: Java HotSpot(TM) 64-Bit Server VM (11.0.5+10-LTS, mixed mode, aot, sharing, tiered, compressed oops, g1 gc, windows-amd64)
# No core dump will be written. Minidumps are not enabled by default on client versions of Windows
#

---------------  S U M M A R Y ------------

Command Line: -Xmx64m -Xms64m -Dorg.gradle.appname=gradlew org.gradle.wrapper.GradleWrapperMain --console plain run

Host: Intel(R) Core(TM) i7-8550U CPU @ 1.80GHz, 8 cores, 7G,  Windows 10 , 64 bit Build 18362 (10.0.18362.329)
Time: Fri Oct 16 21:28:07 2020 Paris, Madrid (heure d?été) elapsed time: 0 seconds (0d 0h 0m 0s)

---------------  T H R E A D  ---------------

Current thread (0x000001343188b800):  JavaThread "Unknown thread" [_thread_in_vm, id=23996, stack(0x000000239c300000,0x000000239c400000)]

Stack: [0x000000239c300000,0x000000239c400000]
Native frames: (J=compiled Java code, j=interpreted, Vv=VM code, C=native code)
V  [jvm.dll+0x63611a]
V  [jvm.dll+0x77426f]
V  [jvm.dll+0x77591a]
V  [jvm.dll+0x775fd3]
V  [jvm.dll+0x25e608]
V  [jvm.dll+0x6335ca]
V  [jvm.dll+0x627f85]
V  [jvm.dll+0x314ecc]
V  [jvm.dll+0x314d52]
V  [jvm.dll+0x31a5c6]
V  [jvm.dll+0x3666bf]
V  [jvm.dll+0x3660e0]
V  [jvm.dll+0x2f1c48]
V  [jvm.dll+0x2f2db6]
V  [jvm.dll+0x74d437]
V  [jvm.dll+0x74ebaf]
V  [jvm.dll+0x3734f9]
V  [jvm.dll+0x733ae9]
V  [jvm.dll+0x3e2e1d]
V  [jvm.dll+0x3e51e1]
C  [java.exe+0x3607]
C  [java.exe+0x178dc]
C  [KERNEL32.DLL+0x17bd4]
C  [ntdll.dll+0x6ced1]


---------------  P R O C E S S  ---------------

Threads class SMR info:
_java_thread_list=0x000001342f68ce40, length=0, elements={
}

Java Threads: ( => current thread )

Other Threads:
  0x00000134318a3800 GCTaskThread "GC Thread#0" [stack: 0x000000239c400000,0x000000239c500000] [id=17520]
  0x00000134318ab800 ConcurrentGCThread "G1 Main Marker" [stack: 0x000000239c500000,0x000000239c600000] [id=12120]
  0x00000134318ae800 ConcurrentGCThread "G1 Conc#0" [stack: 0x000000239c600000,0x000000239c700000] [id=21148]

[error occurred during error reporting (printing all threads), id 0xc0000005, EXCEPTION_ACCESS_VIOLATION (0xc0000005) at pc=0x00007ff825be0617]

VM state:not at safepoint (not fully initialized)

VM Mutex/Monitor currently owned by a thread:  ([mutex/lock_event])
[0x0000013431889270] Heap_lock - owner thread: 0x000001343188b800

Heap address: 0x00000000fc000000, size: 64 MB, Compressed Oops mode: Non-zero based: 0x00000000fc000000
Narrow klass base: 0x0000000000000000, Narrow klass shift: 0

GC Heap History (0 events):
No events

Deoptimization events (0 events):
No events

Classes redefined (0 events):
No events

Internal exceptions (0 events):
No events

Events (0 events):
No events


Dynamic libraries:
0x00007ff621bb0000 - 0x00007ff621bf7000 	C:\Program Files\Java\jdk-11.0.5\bin\java.exe
0x00007ff866600000 - 0x00007ff8667f0000 	C:\WINDOWS\SYSTEM32\ntdll.dll
0x00007ff865ce0000 - 0x00007ff865d92000 	C:\WINDOWS\System32\KERNEL32.DLL
0x00007ff864250000 - 0x00007ff8644f3000 	C:\WINDOWS\System32\KERNELBASE.dll
0x00007ff8651e0000 - 0x00007ff865283000 	C:\WINDOWS\System32\ADVAPI32.dll
0x00007ff864710000 - 0x00007ff8647ae000 	C:\WINDOWS\System32\msvcrt.dll
0x00007ff8664a0000 - 0x00007ff866537000 	C:\WINDOWS\System32\sechost.dll
0x00007ff865af0000 - 0x00007ff865c10000 	C:\WINDOWS\System32\RPCRT4.dll
0x00007ff8657a0000 - 0x00007ff865934000 	C:\WINDOWS\System32\USER32.dll
0x00007ff864680000 - 0x00007ff8646a1000 	C:\WINDOWS\System32\win32u.dll
0x00007ff865080000 - 0x00007ff8650a6000 	C:\WINDOWS\System32\GDI32.dll
0x00007ff863740000 - 0x00007ff8638d4000 	C:\WINDOWS\System32\gdi32full.dll
0x00007ff863a30000 - 0x00007ff863ace000 	C:\WINDOWS\System32\msvcp_win.dll
0x00007ff8638e0000 - 0x00007ff8639da000 	C:\WINDOWS\System32\ucrtbase.dll
0x00007ff851b40000 - 0x00007ff851dc5000 	C:\WINDOWS\WinSxS\amd64_microsoft.windows.common-controls_6595b64144ccf1df_6.0.18362.657_none_e6c5b579130e3898\COMCTL32.dll
0x00007ff857310000 - 0x00007ff85731a000 	C:\WINDOWS\SYSTEM32\VERSION.dll
0x00007ff864910000 - 0x00007ff864c46000 	C:\WINDOWS\System32\combase.dll
0x00007ff8645e0000 - 0x00007ff864660000 	C:\WINDOWS\System32\bcryptPrimitives.dll
0x00007ff865770000 - 0x00007ff86579e000 	C:\WINDOWS\System32\IMM32.DLL
0x00007ff85bd30000 - 0x00007ff85bd46000 	C:\Program Files\Java\jdk-11.0.5\bin\vcruntime140.dll
0x00007ff83adf0000 - 0x00007ff83ae9a000 	C:\Program Files\Java\jdk-11.0.5\bin\msvcp140.dll
0x00007ff8258e0000 - 0x00007ff826408000 	C:\Program Files\Java\jdk-11.0.5\bin\server\jvm.dll
0x00007ff864cd0000 - 0x00007ff864cd8000 	C:\WINDOWS\System32\PSAPI.DLL
0x00007ff85fa20000 - 0x00007ff85fa29000 	C:\WINDOWS\SYSTEM32\WSOCK32.dll
0x00007ff8610f0000 - 0x00007ff861114000 	C:\WINDOWS\SYSTEM32\WINMM.dll
0x00007ff865290000 - 0x00007ff8652ff000 	C:\WINDOWS\System32\WS2_32.dll
0x00007ff8610c0000 - 0x00007ff8610ed000 	C:\WINDOWS\SYSTEM32\winmmbase.dll
0x00007ff8639e0000 - 0x00007ff863a2a000 	C:\WINDOWS\System32\cfgmgr32.dll
0x00007ff863500000 - 0x00007ff863511000 	C:\WINDOWS\System32\kernel.appcore.dll
0x00007ff8519a0000 - 0x00007ff8519b1000 	C:\Program Files\Java\jdk-11.0.5\bin\verify.dll
0x00007ff861d60000 - 0x00007ff861f54000 	C:\WINDOWS\SYSTEM32\DBGHELP.DLL
0x00007ff84f400000 - 0x00007ff84f42a000 	C:\WINDOWS\SYSTEM32\dbgcore.DLL
0x00007ff8515e0000 - 0x00007ff851609000 	C:\Program Files\Java\jdk-11.0.5\bin\java.dll
0x00007ff851370000 - 0x00007ff851386000 	C:\Program Files\Java\jdk-11.0.5\bin\zip.dll
0x00007ff8612d0000 - 0x00007ff8612da000 	C:\Program Files\Java\jdk-11.0.5\bin\jimage.dll

dbghelp: loaded successfully - version: 4.0.5 - missing functions: none
symbol engine: initialized successfully - sym options: 0x614 - pdb path: .;C:\Program Files\Java\jdk-11.0.5\bin;C:\WINDOWS\SYSTEM32;C:\WINDOWS\WinSxS\amd64_microsoft.windows.common-controls_6595b64144ccf1df_6.0.18362.657_none_e6c5b579130e3898;C:\Program Files\Java\jdk-11.0.5\bin\server

VM Arguments:
jvm_args: -Xmx64m -Xms64m -Dorg.gradle.appname=gradlew 
java_command: org.gradle.wrapper.GradleWrapperMain --console plain run
java_class_path (initial): F:/Development/Microsoft/gradle/wrapper/gradle-wrapper.jar
Launcher Type: SUN_STANDARD

[Global flags]
     intx CICompilerCount                          = 4                                         {product} {ergonomic}
     uint ConcGCThreads                            = 2                                         {product} {ergonomic}
     uint G1ConcRefinementThreads                  = 8                                         {product} {ergonomic}
   size_t G1HeapRegionSize                         = 1048576                                   {product} {ergonomic}
    uintx GCDrainStackTargetSize                   = 64                                        {product} {ergonomic}
   size_t InitialHeapSize                          = 67108864                                  {product} {command line}
   size_t MarkStackSize                            = 4194304                                   {product} {ergonomic}
   size_t MaxHeapSize                              = 67108864                                  {product} {command line}
   size_t MinHeapDeltaBytes                        = 1048576                                   {product} {ergonomic}
    uintx NonNMethodCodeHeapSize                   = 5836300                                {pd product} {ergonomic}
    uintx NonProfiledCodeHeapSize                  = 122910970                              {pd product} {ergonomic}
    uintx ProfiledCodeHeapSize                     = 122910970                              {pd product} {ergonomic}
    uintx ReservedCodeCacheSize                    = 251658240                              {pd product} {ergonomic}
     bool SegmentedCodeCache                       = true                                      {product} {ergonomic}
     bool UseCompressedClassPointers               = true                                 {lp64_product} {ergonomic}
     bool UseCompressedOops                        = true                                 {lp64_product} {ergonomic}
     bool UseG1GC                                  = true                                      {product} {ergonomic}
     bool UseLargePagesIndividualAllocation        = false                                  {pd product} {ergonomic}

Logging:
Log output configuration:
 #0: stdout all=warning uptime,level,tags
 #1: stderr all=off uptime,level,tags

Environment Variables:
JAVA_HOME=C:\Program Files\Java\jdk-11.0.5
PATH=C:\Users\Aurelien\bin;C:\Program Files\Git\mingw64\bin;C:\Program Files\Git\usr\local\bin;C:\Program Files\Git\usr\bin;C:\Program Files\Git\usr\bin;C:\Program Files\Git\mingw64\bin;C:\Program Files\Git\usr\bin;C:\Users\Aurelien\bin;C:\Program Files (x86)\Razer Chroma SDK\bin;C:\Program Files\Razer Chroma SDK\bin;C:\Program Files (x86)\Razer\ChromaBroadcast\bin;C:\Program Files\Razer\ChromaBroadcast\bin;C:\Program Files (x86)\Common Files\Oracle\Java\javapath;C:\Program Files (x86)\Intel\Intel(R) Management Engine Components\iCLS;C:\Program Files\Intel\Intel(R) Management Engine Components\iCLS;C:\Windows\system32;C:\Windows;C:\Windows\System32\Wbem;C:\Windows\System32\WindowsPowerShell\v1.0;C:\Windows\System32\OpenSSH;C:\Program Files (x86)\Intel\Intel(R) Management Engine Components\DAL;C:\Program Files\Intel\Intel(R) Management Engine Components\DAL;C:\Program Files (x86)\Intel\Intel(R) Management Engine Components\IPT;C:\Program Files\Intel\Intel(R) Management Engine Components\IPT;C:\Program Files\PuTTY;C:\Program Files\NVIDIA Corporation\NVIDIA NvDLISR;C:\Program Files (x86)\NVIDIA Corporation\PhysX\Common;C:\Windows\system32\config\systemprofile\AppData\Local\Microsoft\WindowsApps;C:\WINDOWS\system32;C:\WINDOWS;C:\WINDOWS\System32\Wbem;C:\WINDOWS\System32\WindowsPowerShell\v1.0;C:\WINDOWS\System32\OpenSSH;C:\Program Files\Git\cmd;C:\apache-maven-3.6.1\bin;C:\Users\Aurelien\AppData\Local\Programs\Python\Python37-3;C:\Users\Aurelien\AppData\Local\Programs\Python\Python37-32\Scripts\";C:\ProgramData\chocolatey\bin;C:\Gradle\gradle-6.7\bin;C:\Users\Aurelien\AppData\Local\Programs\Python\Python37-32\Scripts;C:\Users\Aurelien\AppData\Local\Programs\Python\Python37-32;C:\Users\Aurelien\AppData\Local\Microsoft\WindowsApps;C:\Program Files\Git\usr\bin\vendor_perl;C:\Program Files\Git\usr\bin\core_perl
USERNAME=Aurelien
SHELL=C:\Program Files\Git\usr\bin\bash.exe
DISPLAY=needs-to-be-defined
OS=Windows_NT
PROCESSOR_IDENTIFIER=Intel64 Family 6 Model 142 Stepping 10, GenuineIntel



---------------  S Y S T E M  ---------------

OS: Windows 10 , 64 bit Build 18362 (10.0.18362.329)

CPU:total 8 (initial active 8) (4 cores per cpu, 2 threads per core) family 6 model 142 stepping 10, cmov, cx8, fxsr, mmx, sse, sse2, sse3, ssse3, sse4.1, sse4.2, popcnt, avx, avx2, aes, clmul, erms, 3dnowpref, lzcnt, ht, tsc, tscinvbit, bmi1, bmi2, adx, fma

Memory: 4k page, system-wide physical 8067M (550M free)
TotalPageFile size 14567M (AvailPageFile size 53M)
current process WorkingSet (physical memory assigned to process): 9M, peak: 9M
current process commit charge ("private bytes"): 59M, peak: 123M

vm_info: Java HotSpot(TM) 64-Bit Server VM (11.0.5+10-LTS) for windows-amd64 JRE (11.0.5+10-LTS), built on Oct  6 2019 12:37:14 by "mach5one" with MS VC++ 15.5 (VS2017)

END.
